CRITICAL - 2023-03-13 07:13:34 --> Attempt to read property "id" on array
#0 C:\xampp\htdocs\DesarrolloDigital\thethousandvaults.com\app\Views\admin\User\add_view.php(43): CodeIgniter\Debug\Exceptions->errorHandler(2, 'Attempt to read...', 'C:\\xampp\\htdocs...', 43)
#1 C:\xampp\htdocs\DesarrolloDigital\thethousandvaults.com\system\View\View.php(210): include('C:\\xampp\\htdocs...')
#2 C:\xampp\htdocs\DesarrolloDigital\thethousandvaults.com\system\View\View.php(213): CodeIgniter\View\View->CodeIgniter\View\{closure}()
#3 C:\xampp\htdocs\DesarrolloDigital\thethousandvaults.com\system\Common.php(1089): CodeIgniter\View\View->render('admin/user/add_...', Array, true)
#4 C:\xampp\htdocs\DesarrolloDigital\thethousandvaults.com\app\Controllers\UserController.php(44): view('admin/user/add_...', Array)
#5 C:\xampp\htdocs\DesarrolloDigital\thethousandvaults.com\system\CodeIgniter.php(825): App\Controllers\UserController->create()
#6 C:\xampp\htdocs\DesarrolloDigital\thethousandvaults.com\system\CodeIgniter.php(412): CodeIgniter\CodeIgniter->runController(Object(App\Controllers\UserController))
#7 C:\xampp\htdocs\DesarrolloDigital\thethousandvaults.com\system\CodeIgniter.php(320): CodeIgniter\CodeIgniter->handleRequest(NULL, Object(Config\Cache), false)
#8 C:\xampp\htdocs\DesarrolloDigital\thethousandvaults.com\index.php(37): CodeIgniter\CodeIgniter->run()
#9 {main}
CRITICAL - 2023-03-13 10:05:39 --> Undefined array key "user_role"
#0 C:\xampp\htdocs\DesarrolloDigital\thethousandvaults.com\app\Views\backend\header.php(147): CodeIgniter\Debug\Exceptions->errorHandler(2, 'Undefined array...', 'C:\\xampp\\htdocs...', 147)
#1 C:\xampp\htdocs\DesarrolloDigital\thethousandvaults.com\system\View\View.php(210): include('C:\\xampp\\htdocs...')
#2 C:\xampp\htdocs\DesarrolloDigital\thethousandvaults.com\system\View\View.php(213): CodeIgniter\View\View->CodeIgniter\View\{closure}()
#3 C:\xampp\htdocs\DesarrolloDigital\thethousandvaults.com\system\Common.php(1089): CodeIgniter\View\View->render('backend/header', Array, true)
#4 C:\xampp\htdocs\DesarrolloDigital\thethousandvaults.com\app\Controllers\UserController.php(17): view('backend/header', Array)
#5 C:\xampp\htdocs\DesarrolloDigital\thethousandvaults.com\system\CodeIgniter.php(825): App\Controllers\UserController->dashboard()
#6 C:\xampp\htdocs\DesarrolloDigital\thethousandvaults.com\system\CodeIgniter.php(412): CodeIgniter\CodeIgniter->runController(Object(App\Controllers\UserController))
#7 C:\xampp\htdocs\DesarrolloDigital\thethousandvaults.com\system\CodeIgniter.php(320): CodeIgniter\CodeIgniter->handleRequest(NULL, Object(Config\Cache), false)
#8 C:\xampp\htdocs\DesarrolloDigital\thethousandvaults.com\index.php(37): CodeIgniter\CodeIgniter->run()
#9 {main}
CRITICAL - 2023-03-13 10:06:43 --> Undefined variable $userdata_admin
#0 C:\xampp\htdocs\DesarrolloDigital\thethousandvaults.com\app\Views\backend\header.php(147): CodeIgniter\Debug\Exceptions->errorHandler(2, 'Undefined varia...', 'C:\\xampp\\htdocs...', 147)
#1 C:\xampp\htdocs\DesarrolloDigital\thethousandvaults.com\system\View\View.php(210): include('C:\\xampp\\htdocs...')
#2 C:\xampp\htdocs\DesarrolloDigital\thethousandvaults.com\system\View\View.php(213): CodeIgniter\View\View->CodeIgniter\View\{closure}()
#3 C:\xampp\htdocs\DesarrolloDigital\thethousandvaults.com\system\Common.php(1089): CodeIgniter\View\View->render('backend/header', Array, true)
#4 C:\xampp\htdocs\DesarrolloDigital\thethousandvaults.com\app\Controllers\UserController.php(17): view('backend/header', Array)
#5 C:\xampp\htdocs\DesarrolloDigital\thethousandvaults.com\system\CodeIgniter.php(825): App\Controllers\UserController->dashboard()
#6 C:\xampp\htdocs\DesarrolloDigital\thethousandvaults.com\system\CodeIgniter.php(412): CodeIgniter\CodeIgniter->runController(Object(App\Controllers\UserController))
#7 C:\xampp\htdocs\DesarrolloDigital\thethousandvaults.com\system\CodeIgniter.php(320): CodeIgniter\CodeIgniter->handleRequest(NULL, Object(Config\Cache), false)
#8 C:\xampp\htdocs\DesarrolloDigital\thethousandvaults.com\index.php(37): CodeIgniter\CodeIgniter->run()
#9 {main}
CRITICAL - 2023-03-13 10:12:18 --> Undefined variable $userdata_admin
#0 C:\xampp\htdocs\DesarrolloDigital\thethousandvaults.com\app\Views\backend\header.php(147): CodeIgniter\Debug\Exceptions->errorHandler(2, 'Undefined varia...', 'C:\\xampp\\htdocs...', 147)
#1 C:\xampp\htdocs\DesarrolloDigital\thethousandvaults.com\system\View\View.php(210): include('C:\\xampp\\htdocs...')
#2 C:\xampp\htdocs\DesarrolloDigital\thethousandvaults.com\system\View\View.php(213): CodeIgniter\View\View->CodeIgniter\View\{closure}()
#3 C:\xampp\htdocs\DesarrolloDigital\thethousandvaults.com\system\Common.php(1089): CodeIgniter\View\View->render('backend/header', Array, true)
#4 C:\xampp\htdocs\DesarrolloDigital\thethousandvaults.com\app\Controllers\UserController.php(17): view('backend/header', Array)
#5 C:\xampp\htdocs\DesarrolloDigital\thethousandvaults.com\system\CodeIgniter.php(825): App\Controllers\UserController->dashboard()
#6 C:\xampp\htdocs\DesarrolloDigital\thethousandvaults.com\system\CodeIgniter.php(412): CodeIgniter\CodeIgniter->runController(Object(App\Controllers\UserController))
#7 C:\xampp\htdocs\DesarrolloDigital\thethousandvaults.com\system\CodeIgniter.php(320): CodeIgniter\CodeIgniter->handleRequest(NULL, Object(Config\Cache), false)
#8 C:\xampp\htdocs\DesarrolloDigital\thethousandvaults.com\index.php(37): CodeIgniter\CodeIgniter->run()
#9 {main}
CRITICAL - 2023-03-13 10:12:21 --> Undefined variable $userdata_admin
#0 C:\xampp\htdocs\DesarrolloDigital\thethousandvaults.com\app\Views\backend\header.php(147): CodeIgniter\Debug\Exceptions->errorHandler(2, 'Undefined varia...', 'C:\\xampp\\htdocs...', 147)
#1 C:\xampp\htdocs\DesarrolloDigital\thethousandvaults.com\system\View\View.php(210): include('C:\\xampp\\htdocs...')
#2 C:\xampp\htdocs\DesarrolloDigital\thethousandvaults.com\system\View\View.php(213): CodeIgniter\View\View->CodeIgniter\View\{closure}()
#3 C:\xampp\htdocs\DesarrolloDigital\thethousandvaults.com\system\Common.php(1089): CodeIgniter\View\View->render('backend/header', Array, true)
#4 C:\xampp\htdocs\DesarrolloDigital\thethousandvaults.com\app\Controllers\UserController.php(17): view('backend/header', Array)
#5 C:\xampp\htdocs\DesarrolloDigital\thethousandvaults.com\system\CodeIgniter.php(825): App\Controllers\UserController->dashboard()
#6 C:\xampp\htdocs\DesarrolloDigital\thethousandvaults.com\system\CodeIgniter.php(412): CodeIgniter\CodeIgniter->runController(Object(App\Controllers\UserController))
#7 C:\xampp\htdocs\DesarrolloDigital\thethousandvaults.com\system\CodeIgniter.php(320): CodeIgniter\CodeIgniter->handleRequest(NULL, Object(Config\Cache), false)
#8 C:\xampp\htdocs\DesarrolloDigital\thethousandvaults.com\index.php(37): CodeIgniter\CodeIgniter->run()
#9 {main}
CRITICAL - 2023-03-13 10:12:22 --> Undefined variable $userdata_admin
#0 C:\xampp\htdocs\DesarrolloDigital\thethousandvaults.com\app\Views\backend\header.php(147): CodeIgniter\Debug\Exceptions->errorHandler(2, 'Undefined varia...', 'C:\\xampp\\htdocs...', 147)
#1 C:\xampp\htdocs\DesarrolloDigital\thethousandvaults.com\system\View\View.php(210): include('C:\\xampp\\htdocs...')
#2 C:\xampp\htdocs\DesarrolloDigital\thethousandvaults.com\system\View\View.php(213): CodeIgniter\View\View->CodeIgniter\View\{closure}()
#3 C:\xampp\htdocs\DesarrolloDigital\thethousandvaults.com\system\Common.php(1089): CodeIgniter\View\View->render('backend/header', Array, true)
#4 C:\xampp\htdocs\DesarrolloDigital\thethousandvaults.com\app\Controllers\UserController.php(17): view('backend/header', Array)
#5 C:\xampp\htdocs\DesarrolloDigital\thethousandvaults.com\system\CodeIgniter.php(825): App\Controllers\UserController->dashboard()
#6 C:\xampp\htdocs\DesarrolloDigital\thethousandvaults.com\system\CodeIgniter.php(412): CodeIgniter\CodeIgniter->runController(Object(App\Controllers\UserController))
#7 C:\xampp\htdocs\DesarrolloDigital\thethousandvaults.com\system\CodeIgniter.php(320): CodeIgniter\CodeIgniter->handleRequest(NULL, Object(Config\Cache), false)
#8 C:\xampp\htdocs\DesarrolloDigital\thethousandvaults.com\index.php(37): CodeIgniter\CodeIgniter->run()
#9 {main}
CRITICAL - 2023-03-13 10:13:03 --> Undefined variable $userdata_admin
#0 C:\xampp\htdocs\DesarrolloDigital\thethousandvaults.com\app\Views\backend\header.php(147): CodeIgniter\Debug\Exceptions->errorHandler(2, 'Undefined varia...', 'C:\\xampp\\htdocs...', 147)
#1 C:\xampp\htdocs\DesarrolloDigital\thethousandvaults.com\system\View\View.php(210): include('C:\\xampp\\htdocs...')
#2 C:\xampp\htdocs\DesarrolloDigital\thethousandvaults.com\system\View\View.php(213): CodeIgniter\View\View->CodeIgniter\View\{closure}()
#3 C:\xampp\htdocs\DesarrolloDigital\thethousandvaults.com\system\Common.php(1089): CodeIgniter\View\View->render('backend/header', Array, true)
#4 C:\xampp\htdocs\DesarrolloDigital\thethousandvaults.com\app\Controllers\UserController.php(17): view('backend/header', Array)
#5 C:\xampp\htdocs\DesarrolloDigital\thethousandvaults.com\system\CodeIgniter.php(825): App\Controllers\UserController->dashboard()
#6 C:\xampp\htdocs\DesarrolloDigital\thethousandvaults.com\system\CodeIgniter.php(412): CodeIgniter\CodeIgniter->runController(Object(App\Controllers\UserController))
#7 C:\xampp\htdocs\DesarrolloDigital\thethousandvaults.com\system\CodeIgniter.php(320): CodeIgniter\CodeIgniter->handleRequest(NULL, Object(Config\Cache), false)
#8 C:\xampp\htdocs\DesarrolloDigital\thethousandvaults.com\index.php(37): CodeIgniter\CodeIgniter->run()
#9 {main}
CRITICAL - 2023-03-13 10:14:58 --> Undefined variable $userdata_admin
#0 C:\xampp\htdocs\DesarrolloDigital\thethousandvaults.com\app\Views\backend\header.php(147): CodeIgniter\Debug\Exceptions->errorHandler(2, 'Undefined varia...', 'C:\\xampp\\htdocs...', 147)
#1 C:\xampp\htdocs\DesarrolloDigital\thethousandvaults.com\system\View\View.php(210): include('C:\\xampp\\htdocs...')
#2 C:\xampp\htdocs\DesarrolloDigital\thethousandvaults.com\system\View\View.php(213): CodeIgniter\View\View->CodeIgniter\View\{closure}()
#3 C:\xampp\htdocs\DesarrolloDigital\thethousandvaults.com\system\Common.php(1089): CodeIgniter\View\View->render('backend/header', Array, true)
#4 C:\xampp\htdocs\DesarrolloDigital\thethousandvaults.com\app\Controllers\UserController.php(17): view('backend/header', Array)
#5 C:\xampp\htdocs\DesarrolloDigital\thethousandvaults.com\system\CodeIgniter.php(825): App\Controllers\UserController->dashboard()
#6 C:\xampp\htdocs\DesarrolloDigital\thethousandvaults.com\system\CodeIgniter.php(412): CodeIgniter\CodeIgniter->runController(Object(App\Controllers\UserController))
#7 C:\xampp\htdocs\DesarrolloDigital\thethousandvaults.com\system\CodeIgniter.php(320): CodeIgniter\CodeIgniter->handleRequest(NULL, Object(Config\Cache), false)
#8 C:\xampp\htdocs\DesarrolloDigital\thethousandvaults.com\index.php(37): CodeIgniter\CodeIgniter->run()
#9 {main}
CRITICAL - 2023-03-13 10:15:14 --> Undefined variable $userdata
#0 C:\xampp\htdocs\DesarrolloDigital\thethousandvaults.com\app\Views\backend\header.php(147): CodeIgniter\Debug\Exceptions->errorHandler(2, 'Undefined varia...', 'C:\\xampp\\htdocs...', 147)
#1 C:\xampp\htdocs\DesarrolloDigital\thethousandvaults.com\system\View\View.php(210): include('C:\\xampp\\htdocs...')
#2 C:\xampp\htdocs\DesarrolloDigital\thethousandvaults.com\system\View\View.php(213): CodeIgniter\View\View->CodeIgniter\View\{closure}()
#3 C:\xampp\htdocs\DesarrolloDigital\thethousandvaults.com\system\Common.php(1089): CodeIgniter\View\View->render('backend/header', Array, true)
#4 C:\xampp\htdocs\DesarrolloDigital\thethousandvaults.com\app\Controllers\UserController.php(17): view('backend/header', Array)
#5 C:\xampp\htdocs\DesarrolloDigital\thethousandvaults.com\system\CodeIgniter.php(825): App\Controllers\UserController->dashboard()
#6 C:\xampp\htdocs\DesarrolloDigital\thethousandvaults.com\system\CodeIgniter.php(412): CodeIgniter\CodeIgniter->runController(Object(App\Controllers\UserController))
#7 C:\xampp\htdocs\DesarrolloDigital\thethousandvaults.com\system\CodeIgniter.php(320): CodeIgniter\CodeIgniter->handleRequest(NULL, Object(Config\Cache), false)
#8 C:\xampp\htdocs\DesarrolloDigital\thethousandvaults.com\index.php(37): CodeIgniter\CodeIgniter->run()
#9 {main}
CRITICAL - 2023-03-13 10:20:52 --> Undefined variable $session
#0 C:\xampp\htdocs\DesarrolloDigital\thethousandvaults.com\app\Views\backend\header.php(2): CodeIgniter\Debug\Exceptions->errorHandler(2, 'Undefined varia...', 'C:\\xampp\\htdocs...', 2)
#1 C:\xampp\htdocs\DesarrolloDigital\thethousandvaults.com\system\View\View.php(210): include('C:\\xampp\\htdocs...')
#2 C:\xampp\htdocs\DesarrolloDigital\thethousandvaults.com\system\View\View.php(213): CodeIgniter\View\View->CodeIgniter\View\{closure}()
#3 C:\xampp\htdocs\DesarrolloDigital\thethousandvaults.com\system\Common.php(1089): CodeIgniter\View\View->render('backend/header', Array, true)
#4 C:\xampp\htdocs\DesarrolloDigital\thethousandvaults.com\app\Controllers\UserController.php(17): view('backend/header', Array)
#5 C:\xampp\htdocs\DesarrolloDigital\thethousandvaults.com\system\CodeIgniter.php(825): App\Controllers\UserController->dashboard()
#6 C:\xampp\htdocs\DesarrolloDigital\thethousandvaults.com\system\CodeIgniter.php(412): CodeIgniter\CodeIgniter->runController(Object(App\Controllers\UserController))
#7 C:\xampp\htdocs\DesarrolloDigital\thethousandvaults.com\system\CodeIgniter.php(320): CodeIgniter\CodeIgniter->handleRequest(NULL, Object(Config\Cache), false)
#8 C:\xampp\htdocs\DesarrolloDigital\thethousandvaults.com\index.php(37): CodeIgniter\CodeIgniter->run()
#9 {main}
