CRITICAL - 2023-03-12 17:26:54 --> Trying to access array offset on value of type null
#0 C:\xampp\htdocs\DesarrolloDigital\thethousandvaults.com\app\Views\backend\footer.php(5): CodeIgniter\Debug\Exceptions->errorHandler(2, 'Trying to acces...', 'C:\\xampp\\htdocs...', 5)
#1 C:\xampp\htdocs\DesarrolloDigital\thethousandvaults.com\system\View\View.php(210): include('C:\\xampp\\htdocs...')
#2 C:\xampp\htdocs\DesarrolloDigital\thethousandvaults.com\system\View\View.php(213): CodeIgniter\View\View->CodeIgniter\View\{closure}()
#3 C:\xampp\htdocs\DesarrolloDigital\thethousandvaults.com\system\Common.php(1089): CodeIgniter\View\View->render('backend/footer', Array, true)
#4 C:\xampp\htdocs\DesarrolloDigital\thethousandvaults.com\app\Controllers\RolController.php(57): view('backend/footer', Array)
#5 C:\xampp\htdocs\DesarrolloDigital\thethousandvaults.com\system\CodeIgniter.php(825): App\Controllers\RolController->detail('5')
#6 C:\xampp\htdocs\DesarrolloDigital\thethousandvaults.com\system\CodeIgniter.php(412): CodeIgniter\CodeIgniter->runController(Object(App\Controllers\RolController))
#7 C:\xampp\htdocs\DesarrolloDigital\thethousandvaults.com\system\CodeIgniter.php(320): CodeIgniter\CodeIgniter->handleRequest(NULL, Object(Config\Cache), false)
#8 C:\xampp\htdocs\DesarrolloDigital\thethousandvaults.com\index.php(37): CodeIgniter\CodeIgniter->run()
#9 {main}
CRITICAL - 2023-03-12 17:47:06 --> Trying to access array offset on value of type null
#0 C:\xampp\htdocs\DesarrolloDigital\thethousandvaults.com\app\Views\backend\footer.php(5): CodeIgniter\Debug\Exceptions->errorHandler(2, 'Trying to acces...', 'C:\\xampp\\htdocs...', 5)
#1 C:\xampp\htdocs\DesarrolloDigital\thethousandvaults.com\system\View\View.php(210): include('C:\\xampp\\htdocs...')
#2 C:\xampp\htdocs\DesarrolloDigital\thethousandvaults.com\system\View\View.php(213): CodeIgniter\View\View->CodeIgniter\View\{closure}()
#3 C:\xampp\htdocs\DesarrolloDigital\thethousandvaults.com\system\Common.php(1089): CodeIgniter\View\View->render('backend/footer', Array, true)
#4 C:\xampp\htdocs\DesarrolloDigital\thethousandvaults.com\app\Controllers\RolController.php(18): view('backend/footer', Array)
#5 C:\xampp\htdocs\DesarrolloDigital\thethousandvaults.com\system\CodeIgniter.php(825): App\Controllers\RolController->index()
#6 C:\xampp\htdocs\DesarrolloDigital\thethousandvaults.com\system\CodeIgniter.php(412): CodeIgniter\CodeIgniter->runController(Object(App\Controllers\RolController))
#7 C:\xampp\htdocs\DesarrolloDigital\thethousandvaults.com\system\CodeIgniter.php(320): CodeIgniter\CodeIgniter->handleRequest(NULL, Object(Config\Cache), false)
#8 C:\xampp\htdocs\DesarrolloDigital\thethousandvaults.com\index.php(37): CodeIgniter\CodeIgniter->run()
#9 {main}
CRITICAL - 2023-03-12 20:00:09 --> Invalid file: admin/user_view.php
#0 C:\xampp\htdocs\DesarrolloDigital\thethousandvaults.com\system\View\View.php(198): CodeIgniter\Exceptions\FrameworkException::forInvalidFile('admin/user_view...')
#1 C:\xampp\htdocs\DesarrolloDigital\thethousandvaults.com\system\Common.php(1089): CodeIgniter\View\View->render('admin/user_view', Array, true)
#2 C:\xampp\htdocs\DesarrolloDigital\thethousandvaults.com\app\Controllers\UserController.php(30): view('admin/user_view', Array)
#3 C:\xampp\htdocs\DesarrolloDigital\thethousandvaults.com\system\CodeIgniter.php(825): App\Controllers\UserController->index()
#4 C:\xampp\htdocs\DesarrolloDigital\thethousandvaults.com\system\CodeIgniter.php(412): CodeIgniter\CodeIgniter->runController(Object(App\Controllers\UserController))
#5 C:\xampp\htdocs\DesarrolloDigital\thethousandvaults.com\system\CodeIgniter.php(320): CodeIgniter\CodeIgniter->handleRequest(NULL, Object(Config\Cache), false)
#6 C:\xampp\htdocs\DesarrolloDigital\thethousandvaults.com\index.php(37): CodeIgniter\CodeIgniter->run()
#7 {main}
CRITICAL - 2023-03-12 20:00:49 --> Invalid file: admin/user_view.php
#0 C:\xampp\htdocs\DesarrolloDigital\thethousandvaults.com\system\View\View.php(198): CodeIgniter\Exceptions\FrameworkException::forInvalidFile('admin/user_view...')
#1 C:\xampp\htdocs\DesarrolloDigital\thethousandvaults.com\system\Common.php(1089): CodeIgniter\View\View->render('admin/user_view', Array, true)
#2 C:\xampp\htdocs\DesarrolloDigital\thethousandvaults.com\app\Controllers\UserController.php(30): view('admin/user_view', Array)
#3 C:\xampp\htdocs\DesarrolloDigital\thethousandvaults.com\system\CodeIgniter.php(825): App\Controllers\UserController->index()
#4 C:\xampp\htdocs\DesarrolloDigital\thethousandvaults.com\system\CodeIgniter.php(412): CodeIgniter\CodeIgniter->runController(Object(App\Controllers\UserController))
#5 C:\xampp\htdocs\DesarrolloDigital\thethousandvaults.com\system\CodeIgniter.php(320): CodeIgniter\CodeIgniter->handleRequest(NULL, Object(Config\Cache), false)
#6 C:\xampp\htdocs\DesarrolloDigital\thethousandvaults.com\index.php(37): CodeIgniter\CodeIgniter->run()
#7 {main}
CRITICAL - 2023-03-12 20:00:53 --> Invalid file: admin/user_view.php
#0 C:\xampp\htdocs\DesarrolloDigital\thethousandvaults.com\system\View\View.php(198): CodeIgniter\Exceptions\FrameworkException::forInvalidFile('admin/user_view...')
#1 C:\xampp\htdocs\DesarrolloDigital\thethousandvaults.com\system\Common.php(1089): CodeIgniter\View\View->render('admin/user_view', Array, true)
#2 C:\xampp\htdocs\DesarrolloDigital\thethousandvaults.com\app\Controllers\UserController.php(30): view('admin/user_view', Array)
#3 C:\xampp\htdocs\DesarrolloDigital\thethousandvaults.com\system\CodeIgniter.php(825): App\Controllers\UserController->index()
#4 C:\xampp\htdocs\DesarrolloDigital\thethousandvaults.com\system\CodeIgniter.php(412): CodeIgniter\CodeIgniter->runController(Object(App\Controllers\UserController))
#5 C:\xampp\htdocs\DesarrolloDigital\thethousandvaults.com\system\CodeIgniter.php(320): CodeIgniter\CodeIgniter->handleRequest(NULL, Object(Config\Cache), false)
#6 C:\xampp\htdocs\DesarrolloDigital\thethousandvaults.com\index.php(37): CodeIgniter\CodeIgniter->run()
#7 {main}
CRITICAL - 2023-03-12 20:01:30 --> Invalid file: admin/user_view.php
#0 C:\xampp\htdocs\DesarrolloDigital\thethousandvaults.com\system\View\View.php(198): CodeIgniter\Exceptions\FrameworkException::forInvalidFile('admin/user_view...')
#1 C:\xampp\htdocs\DesarrolloDigital\thethousandvaults.com\system\Common.php(1089): CodeIgniter\View\View->render('admin/user_view', Array, true)
#2 C:\xampp\htdocs\DesarrolloDigital\thethousandvaults.com\app\Controllers\UserController.php(30): view('admin/user_view', Array)
#3 C:\xampp\htdocs\DesarrolloDigital\thethousandvaults.com\system\CodeIgniter.php(825): App\Controllers\UserController->index()
#4 C:\xampp\htdocs\DesarrolloDigital\thethousandvaults.com\system\CodeIgniter.php(412): CodeIgniter\CodeIgniter->runController(Object(App\Controllers\UserController))
#5 C:\xampp\htdocs\DesarrolloDigital\thethousandvaults.com\system\CodeIgniter.php(320): CodeIgniter\CodeIgniter->handleRequest(NULL, Object(Config\Cache), false)
#6 C:\xampp\htdocs\DesarrolloDigital\thethousandvaults.com\index.php(37): CodeIgniter\CodeIgniter->run()
#7 {main}
CRITICAL - 2023-03-12 20:05:30 --> Invalid file: admin/user/user_view.php
#0 C:\xampp\htdocs\DesarrolloDigital\thethousandvaults.com\system\View\View.php(198): CodeIgniter\Exceptions\FrameworkException::forInvalidFile('admin/user/user...')
#1 C:\xampp\htdocs\DesarrolloDigital\thethousandvaults.com\system\Common.php(1089): CodeIgniter\View\View->render('admin/user/user...', Array, true)
#2 C:\xampp\htdocs\DesarrolloDigital\thethousandvaults.com\app\Controllers\UserController.php(30): view('admin/user/user...', Array)
#3 C:\xampp\htdocs\DesarrolloDigital\thethousandvaults.com\system\CodeIgniter.php(825): App\Controllers\UserController->index()
#4 C:\xampp\htdocs\DesarrolloDigital\thethousandvaults.com\system\CodeIgniter.php(412): CodeIgniter\CodeIgniter->runController(Object(App\Controllers\UserController))
#5 C:\xampp\htdocs\DesarrolloDigital\thethousandvaults.com\system\CodeIgniter.php(320): CodeIgniter\CodeIgniter->handleRequest(NULL, Object(Config\Cache), false)
#6 C:\xampp\htdocs\DesarrolloDigital\thethousandvaults.com\index.php(37): CodeIgniter\CodeIgniter->run()
#7 {main}
CRITICAL - 2023-03-12 20:06:44 --> Invalid file: admin/user/list.php
#0 C:\xampp\htdocs\DesarrolloDigital\thethousandvaults.com\system\View\View.php(198): CodeIgniter\Exceptions\FrameworkException::forInvalidFile('admin/user/list...')
#1 C:\xampp\htdocs\DesarrolloDigital\thethousandvaults.com\system\Common.php(1089): CodeIgniter\View\View->render('admin/user/list', Array, true)
#2 C:\xampp\htdocs\DesarrolloDigital\thethousandvaults.com\app\Controllers\UserController.php(30): view('admin/user/list', Array)
#3 C:\xampp\htdocs\DesarrolloDigital\thethousandvaults.com\system\CodeIgniter.php(825): App\Controllers\UserController->index()
#4 C:\xampp\htdocs\DesarrolloDigital\thethousandvaults.com\system\CodeIgniter.php(412): CodeIgniter\CodeIgniter->runController(Object(App\Controllers\UserController))
#5 C:\xampp\htdocs\DesarrolloDigital\thethousandvaults.com\system\CodeIgniter.php(320): CodeIgniter\CodeIgniter->handleRequest(NULL, Object(Config\Cache), false)
#6 C:\xampp\htdocs\DesarrolloDigital\thethousandvaults.com\index.php(37): CodeIgniter\CodeIgniter->run()
#7 {main}
CRITICAL - 2023-03-12 20:07:01 --> Invalid file: admin/user/add_user.php
#0 C:\xampp\htdocs\DesarrolloDigital\thethousandvaults.com\system\View\View.php(198): CodeIgniter\Exceptions\FrameworkException::forInvalidFile('admin/user/add_...')
#1 C:\xampp\htdocs\DesarrolloDigital\thethousandvaults.com\system\Common.php(1089): CodeIgniter\View\View->render('admin/user/add_...', Array, true)
#2 C:\xampp\htdocs\DesarrolloDigital\thethousandvaults.com\app\Controllers\UserController.php(39): view('admin/user/add_...', Array)
#3 C:\xampp\htdocs\DesarrolloDigital\thethousandvaults.com\system\CodeIgniter.php(825): App\Controllers\UserController->create()
#4 C:\xampp\htdocs\DesarrolloDigital\thethousandvaults.com\system\CodeIgniter.php(412): CodeIgniter\CodeIgniter->runController(Object(App\Controllers\UserController))
#5 C:\xampp\htdocs\DesarrolloDigital\thethousandvaults.com\system\CodeIgniter.php(320): CodeIgniter\CodeIgniter->handleRequest(NULL, Object(Config\Cache), false)
#6 C:\xampp\htdocs\DesarrolloDigital\thethousandvaults.com\index.php(37): CodeIgniter\CodeIgniter->run()
#7 {main}
CRITICAL - 2023-03-12 20:07:30 --> Invalid file: admin/user/add_user.php
#0 C:\xampp\htdocs\DesarrolloDigital\thethousandvaults.com\system\View\View.php(198): CodeIgniter\Exceptions\FrameworkException::forInvalidFile('admin/user/add_...')
#1 C:\xampp\htdocs\DesarrolloDigital\thethousandvaults.com\system\Common.php(1089): CodeIgniter\View\View->render('admin/user/add_...', Array, true)
#2 C:\xampp\htdocs\DesarrolloDigital\thethousandvaults.com\app\Controllers\UserController.php(39): view('admin/user/add_...', Array)
#3 C:\xampp\htdocs\DesarrolloDigital\thethousandvaults.com\system\CodeIgniter.php(825): App\Controllers\UserController->create()
#4 C:\xampp\htdocs\DesarrolloDigital\thethousandvaults.com\system\CodeIgniter.php(412): CodeIgniter\CodeIgniter->runController(Object(App\Controllers\UserController))
#5 C:\xampp\htdocs\DesarrolloDigital\thethousandvaults.com\system\CodeIgniter.php(320): CodeIgniter\CodeIgniter->handleRequest(NULL, Object(Config\Cache), false)
#6 C:\xampp\htdocs\DesarrolloDigital\thethousandvaults.com\index.php(37): CodeIgniter\CodeIgniter->run()
#7 {main}
CRITICAL - 2023-03-12 20:08:03 --> Invalid file: admin/user/add_user.php
#0 C:\xampp\htdocs\DesarrolloDigital\thethousandvaults.com\system\View\View.php(198): CodeIgniter\Exceptions\FrameworkException::forInvalidFile('admin/user/add_...')
#1 C:\xampp\htdocs\DesarrolloDigital\thethousandvaults.com\system\Common.php(1089): CodeIgniter\View\View->render('admin/user/add_...', Array, true)
#2 C:\xampp\htdocs\DesarrolloDigital\thethousandvaults.com\app\Controllers\UserController.php(39): view('admin/user/add_...', Array)
#3 C:\xampp\htdocs\DesarrolloDigital\thethousandvaults.com\system\CodeIgniter.php(825): App\Controllers\UserController->create()
#4 C:\xampp\htdocs\DesarrolloDigital\thethousandvaults.com\system\CodeIgniter.php(412): CodeIgniter\CodeIgniter->runController(Object(App\Controllers\UserController))
#5 C:\xampp\htdocs\DesarrolloDigital\thethousandvaults.com\system\CodeIgniter.php(320): CodeIgniter\CodeIgniter->handleRequest(NULL, Object(Config\Cache), false)
#6 C:\xampp\htdocs\DesarrolloDigital\thethousandvaults.com\index.php(37): CodeIgniter\CodeIgniter->run()
#7 {main}
CRITICAL - 2023-03-12 20:09:31 --> Invalid file: admin/user/add_user.php
#0 C:\xampp\htdocs\DesarrolloDigital\thethousandvaults.com\system\View\View.php(198): CodeIgniter\Exceptions\FrameworkException::forInvalidFile('admin/user/add_...')
#1 C:\xampp\htdocs\DesarrolloDigital\thethousandvaults.com\system\Common.php(1089): CodeIgniter\View\View->render('admin/user/add_...', Array, true)
#2 C:\xampp\htdocs\DesarrolloDigital\thethousandvaults.com\app\Controllers\UserController.php(39): view('admin/user/add_...', Array)
#3 C:\xampp\htdocs\DesarrolloDigital\thethousandvaults.com\system\CodeIgniter.php(825): App\Controllers\UserController->create()
#4 C:\xampp\htdocs\DesarrolloDigital\thethousandvaults.com\system\CodeIgniter.php(412): CodeIgniter\CodeIgniter->runController(Object(App\Controllers\UserController))
#5 C:\xampp\htdocs\DesarrolloDigital\thethousandvaults.com\system\CodeIgniter.php(320): CodeIgniter\CodeIgniter->handleRequest(NULL, Object(Config\Cache), false)
#6 C:\xampp\htdocs\DesarrolloDigital\thethousandvaults.com\index.php(37): CodeIgniter\CodeIgniter->run()
#7 {main}
CRITICAL - 2023-03-12 20:11:40 --> Undefined variable $rol
#0 C:\xampp\htdocs\DesarrolloDigital\thethousandvaults.com\app\Views\admin\User\list_view.php(52): CodeIgniter\Debug\Exceptions->errorHandler(2, 'Undefined varia...', 'C:\\xampp\\htdocs...', 52)
#1 C:\xampp\htdocs\DesarrolloDigital\thethousandvaults.com\system\View\View.php(210): include('C:\\xampp\\htdocs...')
#2 C:\xampp\htdocs\DesarrolloDigital\thethousandvaults.com\system\View\View.php(213): CodeIgniter\View\View->CodeIgniter\View\{closure}()
#3 C:\xampp\htdocs\DesarrolloDigital\thethousandvaults.com\system\Common.php(1089): CodeIgniter\View\View->render('admin/user/list...', Array, true)
#4 C:\xampp\htdocs\DesarrolloDigital\thethousandvaults.com\app\Controllers\UserController.php(30): view('admin/user/list...', Array)
#5 C:\xampp\htdocs\DesarrolloDigital\thethousandvaults.com\system\CodeIgniter.php(825): App\Controllers\UserController->index()
#6 C:\xampp\htdocs\DesarrolloDigital\thethousandvaults.com\system\CodeIgniter.php(412): CodeIgniter\CodeIgniter->runController(Object(App\Controllers\UserController))
#7 C:\xampp\htdocs\DesarrolloDigital\thethousandvaults.com\system\CodeIgniter.php(320): CodeIgniter\CodeIgniter->handleRequest(NULL, Object(Config\Cache), false)
#8 C:\xampp\htdocs\DesarrolloDigital\thethousandvaults.com\index.php(37): CodeIgniter\CodeIgniter->run()
#9 {main}
CRITICAL - 2023-03-12 20:11:50 --> Undefined variable $rol
#0 C:\xampp\htdocs\DesarrolloDigital\thethousandvaults.com\app\Views\admin\User\list_view.php(52): CodeIgniter\Debug\Exceptions->errorHandler(2, 'Undefined varia...', 'C:\\xampp\\htdocs...', 52)
#1 C:\xampp\htdocs\DesarrolloDigital\thethousandvaults.com\system\View\View.php(210): include('C:\\xampp\\htdocs...')
#2 C:\xampp\htdocs\DesarrolloDigital\thethousandvaults.com\system\View\View.php(213): CodeIgniter\View\View->CodeIgniter\View\{closure}()
#3 C:\xampp\htdocs\DesarrolloDigital\thethousandvaults.com\system\Common.php(1089): CodeIgniter\View\View->render('admin/user/list...', Array, true)
#4 C:\xampp\htdocs\DesarrolloDigital\thethousandvaults.com\app\Controllers\UserController.php(30): view('admin/user/list...', Array)
#5 C:\xampp\htdocs\DesarrolloDigital\thethousandvaults.com\system\CodeIgniter.php(825): App\Controllers\UserController->index()
#6 C:\xampp\htdocs\DesarrolloDigital\thethousandvaults.com\system\CodeIgniter.php(412): CodeIgniter\CodeIgniter->runController(Object(App\Controllers\UserController))
#7 C:\xampp\htdocs\DesarrolloDigital\thethousandvaults.com\system\CodeIgniter.php(320): CodeIgniter\CodeIgniter->handleRequest(NULL, Object(Config\Cache), false)
#8 C:\xampp\htdocs\DesarrolloDigital\thethousandvaults.com\index.php(37): CodeIgniter\CodeIgniter->run()
#9 {main}
